<?xml version="1.0" encoding="UTF-8"?>
<testsuite xmlns:xsi="http://www.w3.org/2001/XMLSchema-instance" xsi:noNamespaceSchemaLocation="https://maven.apache.org/surefire/maven-failsafe-plugin/xsd/failsafe-test-report.xsd" name="EALogin_scenario002_run001_IT" time="12.2" tests="5" errors="0" skipped="0" failures="0">
  <properties>
[...]
</properties>
  <testcase name="Given I browser the EA Login Page" classname="Scenario: Login to EA Page" time="0"/>
  <testcase name="When I enter my correct &quot;name2&quot; and &quot;7&quot;" classname="Scenario: Login to EA Page" time="0"/>
  <testcase name="And I click the login button" classname="Scenario: Login to EA Page" time="0"/>
  <testcase name="Then I should be able to see &quot;User Form&quot;" classname="Scenario: Login to EA Page" time="0.001"/>
  <testcase name="Scenario: Login to EA Page" classname="Scenario: Login to EA Page" time="0.275"/>
</testsuite>